0 info it worked if it ends with ok
1 verbose cli [ 'node',
1 verbose cli   '/Users/jurjen/.nvm/versions/node/v0.12.7/bin/npm',
1 verbose cli   'publish' ]
2 info using npm@3.5.2
3 info using node@v0.12.7
4 verbose publish [ '.' ]
5 verbose stack Error: Invalid version: "0.2"
5 verbose stack     at Object.module.exports.fixVersionField (/Users/jurjen/.nvm/versions/node/v0.12.7/lib/node_modules/npm/node_modules/normalize-package-data/lib/fixer.js:191:13)
5 verbose stack     at /Users/jurjen/.nvm/versions/node/v0.12.7/lib/node_modules/npm/node_modules/normalize-package-data/lib/normalize.js:32:38
5 verbose stack     at Array.forEach (native)
5 verbose stack     at normalize (/Users/jurjen/.nvm/versions/node/v0.12.7/lib/node_modules/npm/node_modules/normalize-package-data/lib/normalize.js:31:15)
5 verbose stack     at final (/Users/jurjen/.nvm/versions/node/v0.12.7/lib/node_modules/npm/node_modules/read-package-json/read-json.js:338:5)
5 verbose stack     at then (/Users/jurjen/.nvm/versions/node/v0.12.7/lib/node_modules/npm/node_modules/read-package-json/read-json.js:113:5)
5 verbose stack     at /Users/jurjen/.nvm/versions/node/v0.12.7/lib/node_modules/npm/node_modules/read-package-json/read-json.js:300:12
5 verbose stack     at /Users/jurjen/.nvm/versions/node/v0.12.7/lib/node_modules/npm/node_modules/graceful-fs/graceful-fs.js:76:16
5 verbose stack     at fs.js:334:14
5 verbose stack     at /Users/jurjen/.nvm/versions/node/v0.12.7/lib/node_modules/npm/node_modules/graceful-fs/graceful-fs.js:42:10
6 verbose cwd /Users/jurjen/Desktop/generator-gulp-bootstrap
7 error Darwin 15.0.0
8 error argv "node" "/Users/jurjen/.nvm/versions/node/v0.12.7/bin/npm" "publish"
9 error node v0.12.7
10 error npm  v3.5.2
11 error Invalid version: "0.2"
12 error If you need help, you may report this error at:
12 error     <https://github.com/npm/npm/issues>
13 verbose exit [ 1, true ]
